# JRE version: OpenJDK Runtime Environment Temurin-17.0.10+7 (17.0.10+7) (build 17.0.10+7)
# Java VM: OpenJDK 64-Bit Server VM Temurin-17.0.10+7 (17.0.10+7, mixed mode, emulated-client, tiered, compressed oops, compressed class ptrs, g1 gc, windows-amd64)
GC Precious Log:
 CPUs: 2 total, 2 available
 Memory: 6571M
 Large Page Support: Disabled
 NUMA Support: Disabled
 Compressed Oops: Enabled (32-bit)
 Heap Region Size: 1M
 Heap Min Capacity: 8M
 Heap Initial Capacity: 104M
 Heap Max Capacity: 1644M
 Pre-touch: Disabled
 Parallel Workers: 2
 Concurrent Workers: 1
 Concurrent Refinement Workers: 2
 Periodic GC: Disabled
Heap:
 garbage-first heap   total 51200K, used 32467K [0x0000000099400000, 0x0000000100000000)
  region size 1024K, 18 young (18432K), 2 survivors (2048K)
 Metaspace       used 44544K, committed 45056K, reserved 1114112K
  class space    used 5727K, committed 5952K, reserved 1048576K
GC Heap History (20 events):
Event: 5.085 GC heap before
{Heap before GC invocations=3 (full 0):
 garbage-first heap   total 106496K, used 35117K [0x0000000099400000, 0x0000000100000000)
  region size 1024K, 31 young (31744K), 1 survivors (1024K)
 Metaspace       used 21271K, committed 21504K, reserved 1114112K
  class space    used 2498K, committed 2624K, reserved 1048576K
}
Event: 5.108 GC heap after
{Heap after GC invocations=4 (full 0):
 garbage-first heap   total 106496K, used 7169K [0x0000000099400000, 0x0000000100000000)
  region size 1024K, 3 young (3072K), 3 survivors (3072K)
 Metaspace       used 21271K, committed 21504K, reserved 1114112K
  class space    used 2498K, committed 2624K, reserved 1048576K
}
Event: 5.673 GC heap before
{Heap before GC invocations=5 (full 0):
 garbage-first heap   total 30720K, used 22529K [0x0000000099400000, 0x0000000100000000)
  region size 1024K, 18 young (18432K), 3 survivors (3072K)
 Metaspace       used 24320K, committed 24576K, reserved 1114112K
  class space    used 2994K, committed 3136K, reserved 1048576K
}
Event: 5.703 GC heap after
{Heap after GC invocations=6 (full 0):
 garbage-first heap   total 30720K, used 8028K [0x0000000099400000, 0x0000000100000000)
  region size 1024K, 1 young (1024K), 1 survivors (1024K)
 Metaspace       used 24320K, committed 24576K, reserved 1114112K
  class space    used 2994K, committed 3136K, reserved 1048576K
}
Event: 5.726 GC heap before
{Heap before GC invocations=6 (full 0):
 garbage-first heap   total 30720K, used 8028K [0x0000000099400000, 0x0000000100000000)
  region size 1024K, 2 young (2048K), 1 survivors (1024K)
 Metaspace       used 24523K, committed 24768K, reserved 1114112K
  class space    used 3006K, committed 3136K, reserved 1048576K
}
Event: 5.736 GC heap after
{Heap after GC invocations=7 (full 0):
 garbage-first heap   total 36864K, used 8164K [0x0000000099400000, 0x0000000100000000)
  region size 1024K, 1 young (1024K), 1 survivors (1024K)
 Metaspace       used 24523K, committed 24768K, reserved 1114112K
  class space    used 3006K, committed 3136K, reserved 1048576K
}
Event: 6.228 GC heap before
{Heap before GC invocations=7 (full 0):
 garbage-first heap   total 36864K, used 24548K [0x0000000099400000, 0x0000000100000000)
  region size 1024K, 17 young (17408K), 1 survivors (1024K)
 Metaspace       used 28429K, committed 28736K, reserved 1114112K
  class space    used 3455K, committed 3584K, reserved 1048576K
}
Event: 6.232 GC heap after
{Heap after GC invocations=8 (full 0):
 garbage-first heap   total 36864K, used 9382K [0x0000000099400000, 0x0000000100000000)
  region size 1024K, 2 young (2048K), 2 survivors (2048K)
 Metaspace       used 28429K, committed 28736K, reserved 1114112K
  class space    used 3455K, committed 3584K, reserved 1048576K
}
Event: 6.652 GC heap before
{Heap before GC invocations=8 (full 0):
 garbage-first heap   total 36864K, used 23718K [0x0000000099400000, 0x0000000100000000)
  region size 1024K, 17 young (17408K), 2 survivors (2048K)
 Metaspace       used 30360K, committed 30656K, reserved 1114112K
  class space    used 3754K, committed 3904K, reserved 1048576K
}
Event: 6.657 GC heap after
{Heap after GC invocations=9 (full 0):
 garbage-first heap   total 36864K, used 11195K [0x0000000099400000, 0x0000000100000000)
  region size 1024K, 3 young (3072K), 3 survivors (3072K)
 Metaspace       used 30360K, committed 30656K, reserved 1114112K
  class space    used 3754K, committed 3904K, reserved 1048576K
}
Event: 7.203 GC heap before
{Heap before GC invocations=9 (full 0):
 garbage-first heap   total 36864K, used 25531K [0x0000000099400000, 0x0000000100000000)
  region size 1024K, 18 young (18432K), 3 survivors (3072K)
 Metaspace       used 31807K, committed 32128K, reserved 1114112K
  class space    used 3969K, committed 4160K, reserved 1048576K
}
Event: 7.222 GC heap after
{Heap after GC invocations=10 (full 0):
 garbage-first heap   total 36864K, used 11994K [0x0000000099400000, 0x0000000100000000)
  region size 1024K, 2 young (2048K), 2 survivors (2048K)
 Metaspace       used 31807K, committed 32128K, reserved 1114112K
  class space    used 3969K, committed 4160K, reserved 1048576K
}
Event: 7.909 GC heap before
{Heap before GC invocations=10 (full 0):
 garbage-first heap   total 36864K, used 26330K [0x0000000099400000, 0x0000000100000000)
  region size 1024K, 16 young (16384K), 2 survivors (2048K)
 Metaspace       used 35385K, committed 35712K, reserved 1114112K
  class space    used 4472K, committed 4608K, reserved 1048576K
}
Event: 7.923 GC heap after
{Heap after GC invocations=11 (full 0):
 garbage-first heap   total 36864K, used 12761K [0x0000000099400000, 0x0000000100000000)
  region size 1024K, 2 young (2048K), 2 survivors (2048K)
 Metaspace       used 35385K, committed 35712K, reserved 1114112K
  class space    used 4472K, committed 4608K, reserved 1048576K
}
Event: 7.981 GC heap before
{Heap before GC invocations=11 (full 0):
 garbage-first heap   total 36864K, used 12761K [0x0000000099400000, 0x0000000100000000)
  region size 1024K, 4 young (4096K), 2 survivors (2048K)
 Metaspace       used 35642K, committed 35968K, reserved 1114112K
  class space    used 4492K, committed 4672K, reserved 1048576K
}
Event: 7.988 GC heap after
{Heap after GC invocations=12 (full 0):
 garbage-first heap   total 73728K, used 13182K [0x0000000099400000, 0x0000000100000000)
  region size 1024K, 1 young (1024K), 1 survivors (1024K)
 Metaspace       used 35642K, committed 35968K, reserved 1114112K
  class space    used 4492K, committed 4672K, reserved 1048576K
}
Event: 9.339 GC heap before
{Heap before GC invocations=13 (full 0):
 garbage-first heap   total 51200K, used 42878K [0x0000000099400000, 0x0000000100000000)
  region size 1024K, 30 young (30720K), 1 survivors (1024K)
 Metaspace       used 39869K, committed 40384K, reserved 1114112K
  class space    used 5095K, committed 5312K, reserved 1048576K
}
Event: 9.350 GC heap after
{Heap after GC invocations=14 (full 0):
 garbage-first heap   total 51200K, used 15720K [0x0000000099400000, 0x0000000100000000)
  region size 1024K, 3 young (3072K), 3 survivors (3072K)
 Metaspace       used 39869K, committed 40384K, reserved 1114112K
  class space    used 5095K, committed 5312K, reserved 1048576K
}
Event: 191.943 GC heap before
{Heap before GC invocations=14 (full 0):
 garbage-first heap   total 51200K, used 39272K [0x0000000099400000, 0x0000000100000000)
  region size 1024K, 26 young (26624K), 3 survivors (3072K)
 Metaspace       used 42954K, committed 43520K, reserved 1114112K
  class space    used 5510K, committed 5760K, reserved 1048576K
}
Event: 191.962 GC heap after
{Heap after GC invocations=15 (full 0):
 garbage-first heap   total 51200K, used 17107K [0x0000000099400000, 0x0000000100000000)
  region size 1024K, 2 young (2048K), 2 survivors (2048K)
 Metaspace       used 42954K, committed 43520K, reserved 1114112K
  class space    used 5510K, committed 5760K, reserved 1048576K
}

